<?xml version="1.0" encoding="UTF-8"?><testsuite errors="0" failures="0" name="org.fasttrack.features.LoginTest" skipped="0" tests="5" time="16.2" timestamp="2023-02-27 05:49:58"><testcase classname="org.fasttrack.features.LoginTest" name="Login without completing email field"/><testcase classname="org.fasttrack.features.LoginTest" name="Reset password test"/><testcase classname="org.fasttrack.features.LoginTest" name="Login with invalid email"/><testcase classname="org.fasttrack.features.LoginTest" name="Login with valid credentials"/><testcase classname="org.fasttrack.features.LoginTest" name="Logout test"/></testsuite>