<?xml version="1.0" encoding="UTF-8"?><testsuite errors="0" failures="0" name="org.fasttrack.features.RegisterTest" skipped="0" tests="3" time="10.04" timestamp="2023-02-27 05:50:14"><testcase classname="org.fasttrack.features.RegisterTest" name="Register with valid credentials"/><testcase classname="org.fasttrack.features.RegisterTest" name="Register with an existent email address"/><testcase classname="org.fasttrack.features.RegisterTest" name="Register with invalid email address"/></testsuite>