<?xml version="1.0" encoding="UTF-8"?><testsuite errors="0" failures="0" name="org.fasttrack.features.CartTest" skipped="0" tests="6" time="48.3" timestamp="2023-02-27 05:48:35"><testcase classname="org.fasttrack.features.CartTest" name="Change quantity of a product"/><testcase classname="org.fasttrack.features.CartTest" name="Check cart total summary test"/><testcase classname="org.fasttrack.features.CartTest" name="Add to cart test"/><testcase classname="org.fasttrack.features.CartTest" name="Review with same comment"/><testcase classname="org.fasttrack.features.CartTest" name="Remove from cart test"/><testcase classname="org.fasttrack.features.CartTest" name="Review a product"/></testsuite>